vitamio-sample/build/outputs/logs/manifest-merger-debug-report.txt
-- Merging decision tree log ---
manifest
ADDED from MediaPlayer01\vitamio-sample\AndroidManifest.xml:2:1-79:12
	package
		ADDED from MediaPlayer01\vitamio-sample\AndroidManifest.xml:3:5-34
	android:versionName
		ADDED from MediaPlayer01\vitamio-sample\AndroidManifest.xml:5:5-32
		INJECTED from MediaPlayer01\vitamio-sample\AndroidManifest.xml
		INJECTED from MediaPlayer01\vitamio-sample\AndroidManifest.xml
	android:versionCode
		ADDED from MediaPlayer01\vitamio-sample\AndroidManifest.xml:4:5-30
		INJECTED from MediaPlayer01\vitamio-sample\AndroidManifest.xml
		INJECTED from MediaPlayer01\vitamio-sample\AndroidManifest.xml
	xmlns:android
		ADDED from MediaPlayer01\vitamio-sample\AndroidManifest.xml:2:11-69
uses-sdk
ADDED from MediaPlayer01\vitamio-sample\AndroidManifest.xml:7:5-9:41
MERGED from [MediaPlayer01:vitamio:unspecified] AndroidManifest.xml:7:5-9:41
	android:targetSdkVersion
		ADDED from MediaPlayer01\vitamio-sample\AndroidManifest.xml:9:9-38
		INJECTED from MediaPlayer01\vitamio-sample\AndroidManifest.xml
		INJECTED from MediaPlayer01\vitamio-sample\AndroidManifest.xml
	android:minSdkVersion
		ADDED from MediaPlayer01\vitamio-sample\AndroidManifest.xml:8:9-34
		INJECTED from MediaPlayer01\vitamio-sample\AndroidManifest.xml
		INJECTED from MediaPlayer01\vitamio-sample\AndroidManifest.xml
uses-permission#android.permission.WAKE_LOCK
ADDED from MediaPlayer01\vitamio-sample\AndroidManifest.xml:11:5-68
MERGED from [MediaPlayer01:vitamio:unspecified] AndroidManifest.xml:11:5-68
	android:name
		ADDED from MediaPlayer01\vitamio-sample\AndroidManifest.xml:11:22-65
uses-permission#android.permission.INTERNET
ADDED from MediaPlayer01\vitamio-sample\AndroidManifest.xml:12:5-67
MERGED from [MediaPlayer01:vitamio:unspecified] AndroidManifest.xml:12:5-67
	android:name
		ADDED from MediaPlayer01\vitamio-sample\AndroidManifest.xml:12:22-64
uses-permission#android.permission.ACCESS_NETWORK_STATE
ADDED from MediaPlayer01\vitamio-sample\AndroidManifest.xml:13:5-79
MERGED from [MediaPlayer01:vitamio:unspecified] AndroidManifest.xml:13:5-79
	android:name
		ADDED from MediaPlayer01\vitamio-sample\AndroidManifest.xml:13:22-76
uses-permission#android.permission.READ_EXTERNAL_STORAGE
ADDED from MediaPlayer01\vitamio-sample\AndroidManifest.xml:14:5-80
	android:name
		ADDED from MediaPlayer01\vitamio-sample\AndroidManifest.xml:14:22-77
application
ADDED from MediaPlayer01\vitamio-sample\AndroidManifest.xml:16:5-77:19
MERGED from [MediaPlayer01:vitamio:unspecified] AndroidManifest.xml:15:5-22:19
	android:label
		ADDED from MediaPlayer01\vitamio-sample\AndroidManifest.xml:19:9-50
	android:allowBackup
		ADDED from MediaPlayer01\vitamio-sample\AndroidManifest.xml:17:9-36
	android:icon
		ADDED from MediaPlayer01\vitamio-sample\AndroidManifest.xml:18:9-45
activity#io.vov.vitamio.activity.InitActivity
ADDED from MediaPlayer01\vitamio-sample\AndroidManifest.xml:22:9-27:63
MERGED from [MediaPlayer01:vitamio:unspecified] AndroidManifest.xml:16:9-21:63
	android:launchMode
		ADDED from MediaPlayer01\vitamio-sample\AndroidManifest.xml:25:13-43
	android:windowSoftInputMode
		ADDED from MediaPlayer01\vitamio-sample\AndroidManifest.xml:27:13-60
	android:configChanges
		ADDED from MediaPlayer01\vitamio-sample\AndroidManifest.xml:24:13-113
	android:theme
		ADDED from MediaPlayer01\vitamio-sample\AndroidManifest.xml:26:13-60
	android:name
		ADDED from MediaPlayer01\vitamio-sample\AndroidManifest.xml:23:13-64
activity#io.vov.vitamio.demo.VitamioListActivity
ADDED from MediaPlayer01\vitamio-sample\AndroidManifest.xml:28:9-35:20
	android:name
		ADDED from MediaPlayer01\vitamio-sample\AndroidManifest.xml:28:19-54
intent-filter#android.intent.action.MAIN+android.intent.category.DEFAULT+android.intent.category.LAUNCHER
ADDED from MediaPlayer01\vitamio-sample\AndroidManifest.xml:29:13-34:29
action#android.intent.action.MAIN
ADDED from MediaPlayer01\vitamio-sample\AndroidManifest.xml:30:17-69
	android:name
		ADDED from MediaPlayer01\vitamio-sample\AndroidManifest.xml:30:25-66
category#android.intent.category.DEFAULT
ADDED from MediaPlayer01\vitamio-sample\AndroidManifest.xml:32:17-76
	android:name
		ADDED from MediaPlayer01\vitamio-sample\AndroidManifest.xml:32:27-73
category#android.intent.category.LAUNCHER
ADDED from MediaPlayer01\vitamio-sample\AndroidManifest.xml:33:17-77
	android:name
		ADDED from MediaPlayer01\vitamio-sample\AndroidManifest.xml:33:27-74
activity#io.vov.vitamio.demo.MediaPlayerDemo
ADDED from MediaPlayer01\vitamio-sample\AndroidManifest.xml:36:9-39:20
	android:label
		ADDED from MediaPlayer01\vitamio-sample\AndroidManifest.xml:38:13-46
	android:name
		ADDED from MediaPlayer01\vitamio-sample\AndroidManifest.xml:37:13-44
activity#io.vov.vitamio.demo.VideoViewDemo
ADDED from MediaPlayer01\vitamio-sample\AndroidManifest.xml:40:9-44:20
	android:label
		ADDED from MediaPlayer01\vitamio-sample\AndroidManifest.xml:43:13-44
	android:configChanges
		ADDED from MediaPlayer01\vitamio-sample\AndroidManifest.xml:42:13-113
	android:name
		ADDED from MediaPlayer01\vitamio-sample\AndroidManifest.xml:41:13-42
activity#io.vov.vitamio.demo.MediaPlayerDemo_Video
ADDED from MediaPlayer01\vitamio-sample\AndroidManifest.xml:45:9-48:20
	android:label
		ADDED from MediaPlayer01\vitamio-sample\AndroidManifest.xml:47:13-46
	android:name
		ADDED from MediaPlayer01\vitamio-sample\AndroidManifest.xml:46:13-50
activity#io.vov.vitamio.demo.MediaPlayerDemo_setSurface
ADDED from MediaPlayer01\vitamio-sample\AndroidManifest.xml:49:9-52:20
	android:label
		ADDED from MediaPlayer01\vitamio-sample\AndroidManifest.xml:51:13-46
	android:name
		ADDED from MediaPlayer01\vitamio-sample\AndroidManifest.xml:50:13-55
activity#io.vov.vitamio.demo.MediaPlayerDemo_Audio
ADDED from MediaPlayer01\vitamio-sample\AndroidManifest.xml:53:9-56:20
	android:label
		ADDED from MediaPlayer01\vitamio-sample\AndroidManifest.xml:55:13-46
	android:name
		ADDED from MediaPlayer01\vitamio-sample\AndroidManifest.xml:54:13-50
activity#io.vov.vitamio.demo.MediaMetadataRetrieverDemo
ADDED from MediaPlayer01\vitamio-sample\AndroidManifest.xml:57:9-60:20
	android:label
		ADDED from MediaPlayer01\vitamio-sample\AndroidManifest.xml:59:13-48
	android:name
		ADDED from MediaPlayer01\vitamio-sample\AndroidManifest.xml:58:13-55
activity#io.vov.vitamio.demo.MediaPlayerSubtitle
ADDED from MediaPlayer01\vitamio-sample\AndroidManifest.xml:61:9-64:20
	android:label
		ADDED from MediaPlayer01\vitamio-sample\AndroidManifest.xml:63:13-73
	android:name
		ADDED from MediaPlayer01\vitamio-sample\AndroidManifest.xml:62:13-48
activity#io.vov.vitamio.demo.VideoViewSubtitle
ADDED from MediaPlayer01\vitamio-sample\AndroidManifest.xml:65:9-68:20
	android:label
		ADDED from MediaPlayer01\vitamio-sample\AndroidManifest.xml:67:13-71
	android:name
		ADDED from MediaPlayer01\vitamio-sample\AndroidManifest.xml:66:13-46
activity#io.vov.vitamio.demo.VideoSubtitleList
ADDED from MediaPlayer01\vitamio-sample\AndroidManifest.xml:69:9-72:20
	android:label
		ADDED from MediaPlayer01\vitamio-sample\AndroidManifest.xml:71:13-71
	android:name
		ADDED from MediaPlayer01\vitamio-sample\AndroidManifest.xml:70:13-46
activity#io.vov.vitamio.demo.VideoViewBuffer
ADDED from MediaPlayer01\vitamio-sample\AndroidManifest.xml:73:9-76:20
	android:label
		ADDED from MediaPlayer01\vitamio-sample\AndroidManifest.xml:75:13-64
	android:name
		ADDED from MediaPlayer01\vitamio-sample\AndroidManifest.xml:74:13-44